<?xml version="1.0" encoding="UTF-8"?>
<coverage generated="1692923235559" clover="3.2.0">
  <project timestamp="1692923235559" name="All files">
    <metrics statements="13" coveredstatements="7" conditionals="4" coveredconditionals="0" methods="10" coveredmethods="6" elements="27" coveredelements="13" complexity="0" loc="13" ncloc="13" packages="3" files="9" classes="9"/>
    <package name="src">
      <metrics statements="1" coveredstatements="0" conditionals="0" coveredconditionals="0" methods="0" coveredmethods="0"/>
      <file name="index.js" path="/home/edjones/code/Development/phase-2/react-hooks-lists-and-keys-lab/src/index.js">
        <metrics statements="1" coveredstatements="0" conditionals="0" coveredconditionals="0" methods="0" coveredmethods="0"/>
        <line num="6" count="0" type="stmt"/>
      </file>
    </package>
    <package name="src.components">
      <metrics statements="11" coveredstatements="7" conditionals="4" coveredconditionals="0" methods="10" coveredmethods="6"/>
      <file name="About.js" path="/home/edjones/code/Development/phase-2/react-hooks-lists-and-keys-lab/src/components/About.js">
        <metrics statements="1" coveredstatements="0" conditionals="4" coveredconditionals="0" methods="1" coveredmethods="0"/>
        <line num="5" count="0" type="stmt"/>
      </file>
      <file name="App.js" path="/home/edjones/code/Development/phase-2/react-hooks-lists-and-keys-lab/src/components/App.js">
        <metrics statements="1" coveredstatements="0" conditionals="0" coveredconditionals="0" methods="1" coveredmethods="0"/>
        <line num="9" count="0" type="stmt"/>
      </file>
      <file name="Home.js" path="/home/edjones/code/Development/phase-2/react-hooks-lists-and-keys-lab/src/components/Home.js">
        <metrics statements="1" coveredstatements="0" conditionals="0" coveredconditionals="0" methods="1" coveredmethods="0"/>
        <line num="4" count="0" type="stmt"/>
      </file>
      <file name="Links.js" path="/home/edjones/code/Development/phase-2/react-hooks-lists-and-keys-lab/src/components/Links.js">
        <metrics statements="1" coveredstatements="0" conditionals="0" coveredconditionals="0" methods="1" coveredmethods="0"/>
        <line num="4" count="0" type="stmt"/>
      </file>
      <file name="NavBar.js" path="/home/edjones/code/Development/phase-2/react-hooks-lists-and-keys-lab/src/components/NavBar.js">
        <metrics statements="3" coveredstatements="3" conditionals="0" coveredconditionals="0" methods="2" coveredmethods="2"/>
        <line num="4" count="4" type="stmt"/>
        <line num="6" count="4" type="stmt"/>
        <line num="9" count="12" type="stmt"/>
      </file>
      <file name="ProjectItem.js" path="/home/edjones/code/Development/phase-2/react-hooks-lists-and-keys-lab/src/components/ProjectItem.js">
        <metrics statements="2" coveredstatements="2" conditionals="0" coveredconditionals="0" methods="2" coveredmethods="2"/>
        <line num="4" count="8" type="stmt"/>
        <line num="11" count="18" type="stmt"/>
      </file>
      <file name="ProjectList.js" path="/home/edjones/code/Development/phase-2/react-hooks-lists-and-keys-lab/src/components/ProjectList.js">
        <metrics statements="2" coveredstatements="2" conditionals="0" coveredconditionals="0" methods="2" coveredmethods="2"/>
        <line num="5" count="2" type="stmt"/>
        <line num="8" count="6" type="stmt"/>
      </file>
    </package>
    <package name="src.data">
      <metrics statements="1" coveredstatements="0" conditionals="0" coveredconditionals="0" methods="0" coveredmethods="0"/>
      <file name="user.js" path="/home/edjones/code/Development/phase-2/react-hooks-lists-and-keys-lab/src/data/user.js">
        <metrics statements="1" coveredstatements="0" conditionals="0" coveredconditionals="0" methods="0" coveredmethods="0"/>
        <line num="1" count="0" type="stmt"/>
      </file>
    </package>
  </project>
</coverage>
