{"/home/edjones/code/Development/phase-2/react-hooks-lists-and-keys-lab/src/index.js": {"path":"/home/edjones/code/Development/phase-2/react-hooks-lists-and-keys-lab/src/index.js","statementMap":{"0":{"start":{"line":6,"column":0},"end":{"line":6,"column":58}}},"fnMap":{},"branchMap":{},"s":{"0":0},"f":{},"b":{}}
,"/home/edjones/code/Development/phase-2/react-hooks-lists-and-keys-lab/src/components/About.js": {"path":"/home/edjones/code/Development/phase-2/react-hooks-lists-and-keys-lab/src/components/About.js","statementMap":{"0":{"start":{"line":5,"column":2},"end":{"line":12,"column":4}}},"fnMap":{"0":{"name":"About","decl":{"start":{"line":4,"column":9},"end":{"line":4,"column":14}},"loc":{"start":{"line":4,"column":31},"end":{"line":13,"column":1}},"line":4}},"branchMap":{"0":{"loc":{"start":{"line":8,"column":7},"end":{"line":8,"column":50}},"type":"cond-expr","locations":[{"start":{"line":8,"column":31},"end":{"line":8,"column":43}},{"start":{"line":8,"column":46},"end":{"line":8,"column":50}}],"line":8},"1":{"loc":{"start":{"line":8,"column":7},"end":{"line":8,"column":28}},"type":"binary-expr","locations":[{"start":{"line":8,"column":7},"end":{"line":8,"column":10}},{"start":{"line":8,"column":14},"end":{"line":8,"column":28}}],"line":8}},"s":{"0":0},"f":{"0":0},"b":{"0":[0,0],"1":[0,0]}}
,"/home/edjones/code/Development/phase-2/react-hooks-lists-and-keys-lab/src/components/App.js": {"path":"/home/edjones/code/Development/phase-2/react-hooks-lists-and-keys-lab/src/components/App.js","statementMap":{"0":{"start":{"line":9,"column":2},"end":{"line":16,"column":4}}},"fnMap":{"0":{"name":"App","decl":{"start":{"line":8,"column":9},"end":{"line":8,"column":12}},"loc":{"start":{"line":8,"column":15},"end":{"line":17,"column":1}},"line":8}},"branchMap":{},"s":{"0":0},"f":{"0":0},"b":{}}
,"/home/edjones/code/Development/phase-2/react-hooks-lists-and-keys-lab/src/components/Home.js": {"path":"/home/edjones/code/Development/phase-2/react-hooks-lists-and-keys-lab/src/components/Home.js","statementMap":{"0":{"start":{"line":4,"column":2},"end":{"line":10,"column":4}}},"fnMap":{"0":{"name":"Home","decl":{"start":{"line":3,"column":9},"end":{"line":3,"column":13}},"loc":{"start":{"line":3,"column":41},"end":{"line":11,"column":1}},"line":3}},"branchMap":{},"s":{"0":0},"f":{"0":0},"b":{}}
,"/home/edjones/code/Development/phase-2/react-hooks-lists-and-keys-lab/src/components/Links.js": {"path":"/home/edjones/code/Development/phase-2/react-hooks-lists-and-keys-lab/src/components/Links.js","statementMap":{"0":{"start":{"line":4,"column":2},"end":{"line":10,"column":4}}},"fnMap":{"0":{"name":"Links","decl":{"start":{"line":3,"column":9},"end":{"line":3,"column":14}},"loc":{"start":{"line":3,"column":37},"end":{"line":11,"column":1}},"line":3}},"branchMap":{},"s":{"0":0},"f":{"0":0},"b":{}}
,"/home/edjones/code/Development/phase-2/react-hooks-lists-and-keys-lab/src/components/NavBar.js": {"path":"/home/edjones/code/Development/phase-2/react-hooks-lists-and-keys-lab/src/components/NavBar.js","statementMap":{"0":{"start":{"line":4,"column":16},"end":{"line":4,"column":45}},"1":{"start":{"line":6,"column":2},"end":{"line":12,"column":4}},"2":{"start":{"line":9,"column":8},"end":{"line":9,"column":50}}},"fnMap":{"0":{"name":"NavBar","decl":{"start":{"line":3,"column":9},"end":{"line":3,"column":15}},"loc":{"start":{"line":3,"column":18},"end":{"line":13,"column":1}},"line":3},"1":{"name":"(anonymous_1)","decl":{"start":{"line":8,"column":17},"end":{"line":8,"column":18}},"loc":{"start":{"line":9,"column":8},"end":{"line":9,"column":50}},"line":9}},"branchMap":{},"s":{"0":4,"1":4,"2":12},"f":{"0":4,"1":12},"b":{},"_coverageSchema":"1a1c01bbd47fc00a2c39e90264f33305004495a9","hash":"7d51b852401fd87cd5ae21ed88990b8ff37ce911"}
,"/home/edjones/code/Development/phase-2/react-hooks-lists-and-keys-lab/src/components/ProjectItem.js": {"path":"/home/edjones/code/Development/phase-2/react-hooks-lists-and-keys-lab/src/components/ProjectItem.js","statementMap":{"0":{"start":{"line":4,"column":2},"end":{"line":15,"column":4}},"1":{"start":{"line":11,"column":35},"end":{"line":11,"column":65}}},"fnMap":{"0":{"name":"ProjectItem","decl":{"start":{"line":3,"column":9},"end":{"line":3,"column":20}},"loc":{"start":{"line":3,"column":52},"end":{"line":16,"column":1}},"line":3},"1":{"name":"(anonymous_1)","decl":{"start":{"line":11,"column":27},"end":{"line":11,"column":28}},"loc":{"start":{"line":11,"column":35},"end":{"line":11,"column":65}},"line":11}},"branchMap":{},"s":{"0":8,"1":18},"f":{"0":8,"1":18},"b":{},"_coverageSchema":"1a1c01bbd47fc00a2c39e90264f33305004495a9","hash":"aee20f9bf159b22598046b3db8a8424384ae12ac"}
,"/home/edjones/code/Development/phase-2/react-hooks-lists-and-keys-lab/src/components/ProjectList.js": {"path":"/home/edjones/code/Development/phase-2/react-hooks-lists-and-keys-lab/src/components/ProjectList.js","statementMap":{"0":{"start":{"line":5,"column":2},"end":{"line":10,"column":4}},"1":{"start":{"line":8,"column":51},"end":{"line":8,"column":90}}},"fnMap":{"0":{"name":"ProjectList","decl":{"start":{"line":4,"column":9},"end":{"line":4,"column":20}},"loc":{"start":{"line":4,"column":35},"end":{"line":11,"column":1}},"line":4},"1":{"name":"(anonymous_1)","decl":{"start":{"line":8,"column":43},"end":{"line":8,"column":44}},"loc":{"start":{"line":8,"column":51},"end":{"line":8,"column":90}},"line":8}},"branchMap":{},"s":{"0":2,"1":6},"f":{"0":2,"1":6},"b":{},"_coverageSchema":"1a1c01bbd47fc00a2c39e90264f33305004495a9","hash":"dce59525f7f9335beff5f700039767739bddbd42"}
,"/home/edjones/code/Development/phase-2/react-hooks-lists-and-keys-lab/src/data/user.js": {"path":"/home/edjones/code/Development/phase-2/react-hooks-lists-and-keys-lab/src/data/user.js","statementMap":{"0":{"start":{"line":1,"column":13},"end":{"line":30,"column":1}}},"fnMap":{},"branchMap":{},"s":{"0":0},"f":{},"b":{}}
}
