TN:
SF:src/index.js
FNF:0
FNH:0
DA:6,0
LF:1
LH:0
BRF:0
BRH:0
end_of_record
TN:
SF:src/components/About.js
FN:4,About
FNF:1
FNH:0
FNDA:0,About
DA:5,0
LF:1
LH:0
BRDA:8,0,0,0
BRDA:8,0,1,0
BRDA:8,1,0,0
BRDA:8,1,1,0
BRF:4
BRH:0
end_of_record
TN:
SF:src/components/App.js
FN:8,App
FNF:1
FNH:0
FNDA:0,App
DA:9,0
LF:1
LH:0
BRF:0
BRH:0
end_of_record
TN:
SF:src/components/Home.js
FN:3,Home
FNF:1
FNH:0
FNDA:0,Home
DA:4,0
LF:1
LH:0
BRF:0
BRH:0
end_of_record
TN:
SF:src/components/Links.js
FN:3,Links
FNF:1
FNH:0
FNDA:0,Links
DA:4,0
LF:1
LH:0
BRF:0
BRH:0
end_of_record
TN:
SF:src/components/NavBar.js
FN:3,NavBar
FN:8,(anonymous_1)
FNF:2
FNH:2
FNDA:4,NavBar
FNDA:12,(anonymous_1)
DA:4,4
DA:6,4
DA:9,12
LF:3
LH:3
BRF:0
BRH:0
end_of_record
TN:
SF:src/components/ProjectItem.js
FN:3,ProjectItem
FN:11,(anonymous_1)
FNF:2
FNH:2
FNDA:8,ProjectItem
FNDA:18,(anonymous_1)
DA:4,8
DA:11,18
LF:2
LH:2
BRF:0
BRH:0
end_of_record
TN:
SF:src/components/ProjectList.js
FN:4,ProjectList
FN:8,(anonymous_1)
FNF:2
FNH:2
FNDA:2,ProjectList
FNDA:6,(anonymous_1)
DA:5,2
DA:8,6
LF:2
LH:2
BRF:0
BRH:0
end_of_record
TN:
SF:src/data/user.js
FNF:0
FNH:0
DA:1,0
LF:1
LH:0
BRF:0
BRH:0
end_of_record
